<?xml version="1.0" encoding="UTF-8"?>
<!-- Generated by org.testng.reporters.JUnitXMLReporter -->
<testsuite hostname="XTTD-2020DZRAYN" name="Test" tests="16" failures="0" timestamp="13 Mar 2020 03:09:34 GMT" time="372.708" errors="0">
  <testcase name="login" time="17.117" classname="selenium.Login"/>
  <testcase name="shouye" time="14.435" classname="selenium.FirstPage"/>
  <testcase name="ss" time="33.265" classname="selenium.ProvincesCityArea"/>
  <testcase name="RenewalOfCommodities" time="19.805" classname="selenium.RenewalCommodities"/>
  <testcase name="LogistiCode" time="39.32" classname="selenium.LogisticsCode"/>
  <testcase name="broadbandCode" time="45.735" classname="selenium.InstallEquipmentBroadbandCode"/>
  <testcase name="MaintenanceTime" time="19.91" classname="selenium.RennewalMaintenanceTime"/>
  <testcase name="complaintMang" time="31.665" classname="selenium.ComplaintManagement"/>
  <testcase name="broadbandOrder" time="26.751" classname="selenium.BroadbandNewClothesOrder"/>
  <testcase name="ReneOrder" time="19.587" classname="selenium.RenewalOrder"/>
  <testcase name="OvertiOrders" time="4.888" classname="selenium.OvertimeOrders"/>
  <testcase name="BPList" time="37.085" classname="selenium.BroadbandProductList"/>
  <testcase name="OSfProductList" time="18.918" classname="selenium.OffShelfProductList"/>
  <testcase name="manager" time="26.242" classname="selenium.Managers"/>
  <testcase name="rolelist" time="11.752" classname="selenium.RoleList"/>
  <testcase name="PerSeting" time="6.197" classname="selenium.PersonalSettings"/>
</testsuite> <!-- Test -->
